23:17:08.340 >> lock acquired, begin callSingle: AccessTokenGeneration.feature
23:17:11.502 request:
1 > POST https://reqres.in/api/register
1 > Accept-Encoding: gzip,deflate
1 > Connection: Keep-Alive
1 > Content-Length: 42
1 > Content-Type: application/x-www-form-urlencoded; charset=UTF-8
1 > Host: reqres.in
1 > User-Agent: Apache-HttpClient/4.5.11 (Java/1.8.0_151)
email=eve.holt%40reqres.in&password=pistol

23:17:12.846 response time in milliseconds: 1341.38
1 < 200
1 < Access-Control-Allow-Origin: *
1 < CF-Cache-Status: DYNAMIC
1 < CF-RAY: 5b14591f3f8201c4-SIN
1 < Connection: keep-alive
1 < Content-Length: 36
1 < Content-Type: application/json; charset=utf-8
1 < Date: Sat, 11 Jul 2020 17:47:10 GMT
1 < Etag: W/"24-4iP0za1geN2he+ohu8F0FhCjLks"
1 < Expect-CT: max-age=604800, report-uri="https://report-uri.cloudflare.com/cdn-cgi/beacon/expect-ct"
1 < Server: cloudflare
1 < Set-Cookie: __cfduid=d4110511370dc1461db63174906528b7f1594489630; expires=Mon, 10-Aug-20 17:47:10 GMT; path=/; domain=.reqres.in; HttpOnly; SameSite=Lax; Secure
1 < Via: 1.1 vegur
1 < X-Powered-By: Express
1 < cf-request-id: 03e0960785000001c4ed1f4200000001
{"id":4,"token":"QpwL5tke4Pnpja7X4"}

23:17:12.997 [print] {
  "id": 4,
  "token": "QpwL5tke4Pnpja7X4"
}

23:17:13.044 [print] accessToken ===>  QpwL5tke4Pnpja7X4
23:17:13.047 << lock released, cached callSingle: AccessTokenGeneration.feature
23:17:14.221 [print] <=== Names ===>  [
  {
    "id": 3,
    "name": "Shivajirao"
  },
  {
    "id": 101,
    "name": "Sarjerao"
  },
  {
    "id": 102,
    "name": "Navin"
  }
]

 "id": 101,
    "name": "Sarjerao"
  },
  {
    "id": 102,
    "name": "Navin"
  }
]

1 < Access-Control-Allow-Origin: *
1 < Age: 81
1 < CF-Cache-Status: HIT
1 < CF-RAY: 5b13ea639bd8dd1a-SIN
1 < Cache-Control: max-age=14400
1 < Connection: keep-alive
1 < Content-Type: application/json; charset=utf-8
1 < Date: Sat, 11 Jul 2020 16:31:34 GMT
1 < Etag: W/"301-ijGNEim/mAI7LpbQIXyQc2bjt+k"
1 < Expect-CT: max-age=604800, report-uri="https://report-uri.cloudflare.com/cdn-cgi/beacon/expect-ct"
1 < Server: cloudflare
1 < Set-Cookie: __cfduid=d497f897a32975d18cf185be50e568fc41594485094; expires=Mon, 10-Aug-20 16:31:34 GMT; path=/; domain=.reqres.in; HttpOnly; SameSite=Lax; Secure
1 < Transfer-Encoding: chunked
1 < Vary: Accept-Encoding
1 < Via: 1.1 vegur
1 < X-Powered-By: Express
1 < cf-request-id: 03e050d23f0000dd1af2354200000001
{"page":1,"per_page":6,"total":12,"total_pages":2,"data":[{"id":1,"name":"cerulean","year":2000,"color":"#98B2D1","pantone_value":"15-4020"},{"id":2,"name":"fuchsia rose","year":2001,"color":"#C74375","pantone_value":"17-2031"},{"id":3,"name":"true red","year":2002,"color":"#BF1932","pantone_value":"19-1664"},{"id":4,"name":"aqua sky","year":2003,"color":"#7BC4C4","pantone_value":"14-4811"},{"id":5,"name":"tigerlily","year":2004,"color":"#E2583E","pantone_value":"17-1456"},{"id":6,"name":"blue turquoise","year":2005,"color":"#53B0AE","pantone_value":"15-5217"}],"ad":{"company":"StatusCode Weekly","url":"http://statuscode.org/","text":"A weekly newsletter focusing on software development, infrastructure, the server, performance, and the stack end of things."}}

22:01:36.834 [print] *** reqresUrl Value ***  https://reqres.in
22:01:36.844 [print] authInfo ====>  {
  "__arg": null,
  "responseType": "json",
  "responseHeaders": {
    "Date": [
      "Sat, 11 Jul 2020 16:31:34 GMT"
    ],
    "Content-Type": [
      "application/json; charset=utf-8"
    ],
    "Content-Length": [
      "36"
    ],
    "Connection": [
      "keep-alive"
    ],
    "Set-Cookie": [
      "__cfduid=d83cc0ee833ddc1a9140248216528caf11594485093; expires=Mon, 10-Aug-20 16:31:33 GMT; path=/; domain=.reqres.in; HttpOnly; SameSite=Lax; Secure"
    ],
    "X-Powered-By": [
      "Express"
    ],
    "Access-Control-Allow-Origin": [
      "*"
    ],
    "Etag": [
      "W/\"24-4iP0za1geN2he+ohu8F0FhCjLks\""
    ],
    "Via": [
      "1.1 vegur"
    ],
    "CF-Cache-Status": [
      "DYNAMIC"
    ],
    "cf-request-id": [
      "03e050ce12000001c83809d200000001"
    ],
    "Expect-CT": [
      "max-age=604800, report-uri=\"https://report-uri.cloudflare.com/cdn-cgi/beacon/expect-ct\""
    ],
    "Server": [
      "cloudflare"
    ],
    "CF-RAY": [
      "5b13ea5ce8c301c8-SIN"
    ]
  },
  "responseTime": 1197,
  "response": {
    "id": 4,
    "token": "QpwL5tke4Pnpja7X4"
  },
  "requestTimeStamp": 1594485094936,
  "responseStatus": 200,
  "accessToken": "QpwL5tke4Pnpja7X4",
  "__loop": -1,
  "responseCookies": {
    "__cfduid": {
      "name": "__cfduid",
      "value": "d83cc0ee833ddc1a9140248216528caf11594485093",
      "domain": "reqres.in",
      "path": "/",
      "expires": "1597077093000",
      "persistent": "true",
      "secure": "true"
    }
  }
}

22:01:36.868 [print] <=== Access Token ====>  QpwL5tke4Pnpja7X4
22:01:36.887 [print] <=== Token ====>  QpwL5tke4Pnpja7X4
22:01:36.918 [print] <=== Response ID ====>  4
22:01:36.944 [print] <=== Connection ====>  [
  "keep-alive"
]

22:01:36.971 [print] <=== Response Time ====>  1197
22:01:36.998 [print] <=== Server ====>  [
  "cloudflare"
]

t] <=== Server ====>  [
  "cloudflare"
]

