16:57:36.323 request:
1 > POST https://restful-booker.herokuapp.com/auth
1 > Accept-Encoding: gzip,deflate
1 > Connection: Keep-Alive
1 > Content-Length: 45
1 > Content-Type: application/json; charset=UTF-8
1 > Host: restful-booker.herokuapp.com
1 > User-Agent: Apache-HttpClient/4.5.11 (Java/1.8.0_151)
{"username":"admin","password":"password123"}

16:57:37.811 response time in milliseconds: 1488.56
1 < 200
1 < Connection: keep-alive
1 < Content-Length: 27
1 < Content-Type: application/json; charset=utf-8
1 < Date: Sun, 12 Jul 2020 11:27:35 GMT
1 < Etag: W/"1b-zZkgYwgIteH/fuEKMTX18UF3/iU"
1 < Server: Cowboy
1 < Via: 1.1 vegur
1 < X-Powered-By: Express
{"token":"8c802d4868b6852"}

